2021-12-03 19:03:23 - INFO - "GET / HTTP/1.1" 200 1219
2021-12-03 19:03:23 - INFO - "GET /static/style.css HTTP/1.1" 200 648
2021-12-03 19:16:39 - INFO - "GET /blogs HTTP/1.1" 200 2
2021-12-03 19:16:39 - INFO - "GET /blogs/1 HTTP/1.1" 200 2
2021-12-03 19:18:09 - INFO - "POST /blogs HTTP/1.1" 200 157
2021-12-03 19:18:09 - INFO - "POST /blogs HTTP/1.1" 200 158
2021-12-03 19:18:09 - INFO - "POST /blogs HTTP/1.1" 200 157
2021-12-03 19:18:09 - INFO - "POST /blogs HTTP/1.1" 200 158
2021-12-03 19:18:09 - INFO - "POST /blogs HTTP/1.1" 200 157
2021-12-03 19:18:09 - INFO - "GET /blogs/ HTTP/1.1" 200 797
2021-12-03 19:18:09 - INFO - "GET /blogs/2 HTTP/1.1" 200 160
2021-12-03 19:18:09 - INFO - "GET /blogs/2 HTTP/1.1" 200 160
2021-12-03 19:18:09 - INFO - "PUT /blogs/2 HTTP/1.1" 200 158
2021-12-03 19:18:09 - INFO - "GET /blogs/2 HTTP/1.1" 200 158
2021-12-03 19:18:09 - INFO - "GET /blogs/ HTTP/1.1" 200 795
2021-12-03 19:18:09 - INFO - "GET /blogs/ HTTP/1.1" 200 795
2021-12-03 19:19:52 - ERROR - SyntaxError in 0 on line 0
2021-12-03 19:19:52 - ERROR - "DELETE /blogs/4 HTTP/1.1" 500 1039050
2021-12-03 19:20:06 - INFO - "DELETE /blogs/4 HTTP/1.1" 200 160
2021-12-03 19:20:06 - INFO - "GET /blogs/ HTTP/1.1" 200 635
